<?xml version="1.0" encoding="UTF-8"?>
<!-- Generated by org.testng.reporters.JUnitReportReporter -->
<testsuite hostname="NB-GPAY-25722" failures="0" tests="1" name="apiTest.TestExamples" time="1.462" errors="0" timestamp="2023-03-16T15:34:55 WIB" skipped="0">
  <testcase classname="apiTest.TestExamples" name="test1" time="1.462"/>
  <system-out/>
</testsuite> <!-- apiTest.TestExamples -->
