<?xml version="1.0" encoding="UTF-8"?>
<!-- Generated by org.testng.reporters.JUnitReportReporter -->
<testsuite hostname="NB-GPAY-25722" failures="0" tests="1" name="apiTest.GetAndPost" time="1.581" errors="0" timestamp="2023-03-16T16:34:08 WIB" skipped="0">
  <testcase classname="apiTest.GetAndPost" name="testPost" time="1.581"/>
  <system-out/>
</testsuite> <!-- apiTest.GetAndPost -->
