<?xml version="1.0" encoding="UTF-8"?>
<!-- Generated by org.testng.reporters.JUnitReportReporter -->
<testsuite hostname="NB-GPAY-25722" failures="0" tests="1" name="apiTest.TopUp" time="7.219" errors="0" timestamp="2023-03-17T15:09:15 WIB" skipped="0">
  <testcase classname="apiTest.TopUp" name="BCA" time="7.219"/>
  <system-out/>
</testsuite> <!-- apiTest.TopUp -->
