<?xml version="1.0" encoding="UTF-8"?>
<!-- Generated by org.testng.reporters.JUnitReportReporter -->
<testsuite hostname="NB-GPAY-25722" failures="0" tests="2" name="apiTest.GetAndPost" time="2.162" errors="0" timestamp="2023-03-16T17:01:06 WIB" skipped="0">
  <testcase classname="apiTest.GetAndPost" name="testPost" time="0.503"/>
  <system-out/>
  <testcase classname="apiTest.GetAndPost" name="testGet" time="1.659"/>
  <system-out/>
</testsuite> <!-- apiTest.GetAndPost -->
