<?xml version="1.0" encoding="UTF-8"?>
<!-- Generated by org.testng.reporters.JUnitReportReporter -->
<testsuite hostname="NB-GPAY-25722" failures="0" tests="1" name="apiTest.PutPatchDelete" time="1.391" errors="0" timestamp="2023-03-16T17:15:03 WIB" skipped="0">
  <testcase classname="apiTest.PutPatchDelete" name="testDelete" time="1.391"/>
  <system-out/>
</testsuite> <!-- apiTest.PutPatchDelete -->
