<?xml version="1.0" encoding="UTF-8"?>
<!-- Generated by org.testng.reporters.JUnitReportReporter -->
<testsuite hostname="NB-GPAY-25722" failures="0" tests="1" name="apiTest.GetAndPost" time="1.410" errors="0" timestamp="2023-03-17T13:47:10 WIB" skipped="0">
  <testcase classname="apiTest.GetAndPost" name="testPost" time="1.410"/>
  <system-out/>
</testsuite> <!-- apiTest.GetAndPost -->
