<?xml version="1.0" encoding="UTF-8"?>
<!-- Generated by org.testng.reporters.JUnitReportReporter -->
<testsuite hostname="NB-GPAY-25722" failures="0" tests="1" name="NicoPrasetiawan.Appium.z" time="21.965" errors="0" timestamp="2023-03-13T14:52:01 WIB" skipped="0">
  <testcase classname="NicoPrasetiawan.Appium.z" name="longPress" time="21.965"/>
  <system-out/>
</testsuite> <!-- NicoPrasetiawan.Appium.z -->
