<?xml version="1.0" encoding="UTF-8"?>
<!-- Generated by org.testng.reporters.JUnitReportReporter -->
<testsuite hostname="NB-GPAY-25722" failures="0" tests="1" name="NicoPrasetiawan.Appium.TestCase3" time="39.385" errors="0" timestamp="2023-03-13T14:53:46 WIB" skipped="0">
  <testcase classname="NicoPrasetiawan.Appium.TestCase3" name="scrollPage" time="39.385"/>
  <system-out/>
</testsuite> <!-- NicoPrasetiawan.Appium.TestCase3 -->
