<?xml version="1.0" encoding="UTF-8"?>
<!-- Generated by org.testng.reporters.JUnitReportReporter -->
<testsuite hostname="NB-GPAY-25722" failures="0" tests="1" name="NicoPrasetiawan.Appium.driverStart" time="10.399" errors="0" timestamp="2023-03-10T10:13:56 WIB" skipped="0">
  <testcase classname="NicoPrasetiawan.Appium.driverStart" name="appiumStart" time="10.399"/>
  <system-out/>
</testsuite> <!-- NicoPrasetiawan.Appium.driverStart -->
