<?xml version="1.0" encoding="UTF-8"?>
<!-- Generated by org.testng.reporters.JUnitReportReporter -->
<testsuite hostname="NB-GPAY-25722" failures="0" tests="1" name="NicoPrasetiawan.Appium.TestCase3" time="38.638" errors="0" timestamp="2023-03-14T15:28:42 WIB" skipped="0">
  <testcase classname="NicoPrasetiawan.Appium.TestCase3" name="scrollPage" time="38.638"/>
  <system-out/>
</testsuite> <!-- NicoPrasetiawan.Appium.TestCase3 -->
