<?xml version="1.0" encoding="UTF-8"?>
<!-- Generated by org.testng.reporters.JUnitReportReporter -->
<testsuite hostname="NB-GPAY-25722" failures="0" tests="1" name="NicoPrasetiawan.Appium.TestCase4" time="6.811" errors="0" timestamp="2023-03-13T16:44:44 WIB" skipped="0">
  <testcase classname="NicoPrasetiawan.Appium.TestCase4" name="swipeGallery" time="6.811"/>
  <system-out/>
</testsuite> <!-- NicoPrasetiawan.Appium.TestCase4 -->
