<?xml version="1.0" encoding="UTF-8"?>
<!-- Generated by org.testng.reporters.JUnitReportReporter -->
<testsuite hostname="NB-GPAY-25722" failures="0" tests="1" name="NicoPrasetiawan.Appium.TestCase" time="7.429" errors="0" timestamp="2023-03-14T15:33:18 WIB" skipped="0">
  <testcase classname="NicoPrasetiawan.Appium.TestCase" name="settingWifiName" time="7.429"/>
  <system-out/>
</testsuite> <!-- NicoPrasetiawan.Appium.TestCase -->
