<?xml version="1.0" encoding="UTF-8"?>
<!-- Generated by org.testng.reporters.JUnitReportReporter -->
<testsuite hostname="NB-GPAY-25722" failures="0" tests="1" name="NicoPrasetiawan.Appium.TestCase2" time="8.480" errors="0" timestamp="2023-03-13T12:48:08 WIB" skipped="0">
  <testcase classname="NicoPrasetiawan.Appium.TestCase2" name="longPress" time="8.480"/>
  <system-out/>
</testsuite> <!-- NicoPrasetiawan.Appium.TestCase2 -->
