<?xml version="1.0" encoding="UTF-8"?>
<!-- Generated by org.testng.reporters.JUnitReportReporter -->
<testsuite hostname="Nicos-MacBook-Air.local" failures="0" tests="2" name="org.nicoprasetiawan.TestCase" time="35.451" errors="0" timestamp="2023-04-09T14:24:46 WIB" skipped="0">
  <testcase classname="org.nicoprasetiawan.TestCase" name="sumPrice" time="17.496"/>
  <system-out/>
  <testcase classname="org.nicoprasetiawan.TestCase" name="sumPrice" time="17.955"/>
  <system-out/>
</testsuite> <!-- org.nicoprasetiawan.TestCase -->
