<?xml version="1.0" encoding="UTF-8"?>
<!-- Generated by org.testng.reporters.JUnitReportReporter -->
<testsuite hostname="Nicos-MacBook-Air.local" failures="0" tests="1" name="org.nicoprasetiawan.TestCase" time="16.470" errors="0" timestamp="2023-04-08T15:02:41 WIB" skipped="0">
  <testcase classname="org.nicoprasetiawan.TestCase" name="sumPrice" time="16.470"/>
  <system-out/>
</testsuite> <!-- org.nicoprasetiawan.TestCase -->
