<?xml version="1.0" encoding="UTF-8"?>
<!-- Generated by org.testng.reporters.JUnitReportReporter -->
<testsuite hostname="Nicos-MacBook-Air.local" failures="0" tests="2" name="org.nicoprasetiawan.TestCase" time="39.892" errors="0" timestamp="2023-04-18T15:24:03 WIB" skipped="0">
  <testcase classname="org.nicoprasetiawan.TestCase" name="sumPrice" time="19.868"/>
  <system-out/>
  <testcase classname="org.nicoprasetiawan.TestCase" name="sumPrice" time="20.024"/>
  <system-out/>
</testsuite> <!-- org.nicoprasetiawan.TestCase -->
