<?xml version="1.0" encoding="UTF-8"?>
<!-- Generated by org.testng.reporters.JUnitReportReporter -->
<testsuite hostname="NB-GPAY-25722" failures="0" tests="1" name="org.nicoprasetiawan.TestCase" time="20.564" errors="0" timestamp="2023-04-05T16:20:54 WIB" skipped="0">
  <testcase classname="org.nicoprasetiawan.TestCase" name="sumPrice" time="20.564"/>
  <system-out/>
</testsuite> <!-- org.nicoprasetiawan.TestCase -->
