<?xml version="1.0" encoding="UTF-8"?>
<!-- Generated by org.testng.reporters.JUnitReportReporter -->
<testsuite hostname="NB-GPAY-25722" failures="0" tests="1" name="org.nicoprasetiawan.TestCase_3" time="20.688" errors="0" timestamp="2023-04-04T16:18:28 WIB" skipped="0">
  <testcase classname="org.nicoprasetiawan.TestCase_3" name="sumPrice" time="20.688"/>
  <system-out/>
</testsuite> <!-- org.nicoprasetiawan.TestCase_3 -->
