<?xml version="1.0" encoding="UTF-8"?>
<!-- Generated by org.testng.reporters.JUnitReportReporter -->
<testsuite hostname="NB-GPAY-25722" failures="0" tests="2" name="org.nicoprasetiawan.TestCase" time="40.827" errors="0" timestamp="2023-04-10T09:56:46 WIB" skipped="0">
  <testcase classname="org.nicoprasetiawan.TestCase" name="sumPrice" time="17.793"/>
  <system-out/>
  <testcase classname="org.nicoprasetiawan.TestCase" name="sumPrice" time="23.034"/>
  <system-out/>
</testsuite> <!-- org.nicoprasetiawan.TestCase -->
