<?xml version="1.0" encoding="UTF-8"?>
<!-- Generated by org.testng.reporters.JUnitReportReporter -->
<testsuite hostname="Nicos-MacBook-Air.local" failures="0" tests="2" name="org.nicoprasetiawan.TestCase_1" time="29.360" errors="0" timestamp="2023-04-08T15:02:41 WIB" skipped="0">
  <testcase classname="org.nicoprasetiawan.TestCase_1" name="fillForm_Positive" time="18.184"/>
  <system-out/>
  <testcase classname="org.nicoprasetiawan.TestCase_1" name="fillForm_Negative" time="11.176"/>
  <system-out/>
</testsuite> <!-- org.nicoprasetiawan.TestCase_1 -->
