<?xml version="1.0" encoding="UTF-8"?>
<!-- Generated by org.testng.reporters.JUnitReportReporter -->
<testsuite hostname="NB-GPAY-25722" failures="0" tests="2" name="org.nicoprasetiawan.TestCase" time="59.516" errors="0" timestamp="2023-04-13T11:15:26 WIB" skipped="0">
  <testcase classname="org.nicoprasetiawan.TestCase" name="sumPrice" time="25.115"/>
  <system-out/>
  <testcase classname="org.nicoprasetiawan.TestCase" name="sumPrice" time="34.401"/>
  <system-out/>
</testsuite> <!-- org.nicoprasetiawan.TestCase -->
