<?xml version="1.0" encoding="UTF-8"?>
<!-- Generated by org.testng.reporters.JUnitReportReporter -->
<testsuite hostname="NB-GPAY-25722" failures="0" tests="2" name="org.nicoprasetiawan.TestCase" time="60.983" errors="0" timestamp="2023-04-11T14:27:31 WIB" skipped="0">
  <testcase classname="org.nicoprasetiawan.TestCase" name="sumPrice" time="24.566"/>
  <system-out/>
  <testcase classname="org.nicoprasetiawan.TestCase" name="sumPrice" time="36.417"/>
  <system-out/>
</testsuite> <!-- org.nicoprasetiawan.TestCase -->
