<?xml version="1.0" encoding="UTF-8"?>
<!-- Generated by org.testng.reporters.JUnitReportReporter -->
<testsuite hostname="Nicos-MacBook-Air.local" failures="0" tests="2" name="org.nicoprasetiawan.TestCase" time="35.922" errors="0" timestamp="2023-04-09T12:27:38 WIB" skipped="0">
  <testcase classname="org.nicoprasetiawan.TestCase" name="sumPrice" time="17.909"/>
  <system-out/>
  <testcase classname="org.nicoprasetiawan.TestCase" name="sumPrice" time="18.013"/>
  <system-out/>
</testsuite> <!-- org.nicoprasetiawan.TestCase -->
