<?xml version="1.0" encoding="UTF-8"?>
<!-- Generated by org.testng.reporters.JUnitReportReporter -->
<testsuite hostname="NB-GPAY-25722" failures="0" tests="1" name="org.nicoprasetiawan.TestCase" time="25.144" errors="0" timestamp="2023-04-05T11:13:25 WIB" skipped="0">
  <testcase classname="org.nicoprasetiawan.TestCase" name="sumPrice" time="25.144"/>
  <system-out/>
</testsuite> <!-- org.nicoprasetiawan.TestCase -->
