<?xml version="1.0" encoding="UTF-8"?>
<!-- Generated by org.testng.reporters.JUnitReportReporter -->
<testsuite hostname="NB-GPAY-25722" failures="0" tests="2" name="org.nicoprasetiawan.TestCase_1" time="34.114" errors="0" timestamp="2023-04-06T15:06:21 WIB" skipped="0">
  <testcase classname="org.nicoprasetiawan.TestCase_1" name="fillForm_Positive" time="22.098"/>
  <system-out/>
  <testcase classname="org.nicoprasetiawan.TestCase_1" name="fillForm_Negative" time="12.016"/>
  <system-out/>
</testsuite> <!-- org.nicoprasetiawan.TestCase_1 -->
