<?xml version="1.0" encoding="UTF-8"?>
<!-- Generated by org.testng.reporters.JUnitReportReporter -->
<testsuite hostname="Nicos-MacBook-Air.local" failures="0" tests="2" name="org.nicoprasetiawan.TestCase" time="41.035" errors="0" timestamp="2023-04-18T16:59:28 WIB" skipped="0">
  <testcase classname="org.nicoprasetiawan.TestCase" name="sumPrice" time="20.086"/>
  <system-out/>
  <testcase classname="org.nicoprasetiawan.TestCase" name="sumPrice" time="20.949"/>
  <system-out/>
</testsuite> <!-- org.nicoprasetiawan.TestCase -->
